Using pre-set license
Built from '2022.1/staging' branch; Version is '2022.1.16f1 (7321c9670bc2) revision 7545289'; Using compiler version '192829333'; Build Type 'Release'
OS: 'Windows 11  (10.0.22621) 64bit Core' Language: 'en' Physical Memory: 7879 MB
BatchMode: 1, IsHumanControllingUs: 0, StartBugReporterOnCrash: 0, Is64bit: 1, IsPro: 1

COMMAND LINE ARGUMENTS:
C:\Program Files\Unity\Hub\Editor\2022.1.16f1\Editor\Unity.exe
-adb2
-batchMode
-noUpm
-name
AssetImportWorker0
-projectPath
C:/Users/megsg/OneDrive/Desktop/game
-logFile
Logs/AssetImportWorker0.log
-srvPort
56748
Successfully changed project path to: C:/Users/megsg/OneDrive/Desktop/game
C:/Users/megsg/OneDrive/Desktop/game
[UnityMemory] Configuration Parameters - Can be set up in boot.config
    "memorysetup-bucket-allocator-granularity=16"
    "memorysetup-bucket-allocator-bucket-count=8"
    "memorysetup-bucket-allocator-block-size=33554432"
    "memorysetup-bucket-allocator-block-count=8"
    "memorysetup-main-allocator-block-size=16777216"
    "memorysetup-thread-allocator-block-size=16777216"
    "memorysetup-gfx-main-allocator-block-size=16777216"
    "memorysetup-gfx-thread-allocator-block-size=16777216"
    "memorysetup-cache-allocator-block-size=4194304"
    "memorysetup-typetree-allocator-block-size=2097152"
    "memorysetup-profiler-bucket-allocator-granularity=16"
    "memorysetup-profiler-bucket-allocator-bucket-count=8"
    "memorysetup-profiler-bucket-allocator-block-size=33554432"
    "memorysetup-profiler-bucket-allocator-block-count=8"
    "memorysetup-profiler-allocator-block-size=16777216"
    "memorysetup-profiler-editor-allocator-block-size=1048576"
    "memorysetup-temp-allocator-size-main=16777216"
    "memorysetup-job-temp-allocator-block-size=2097152"
    "memorysetup-job-temp-allocator-block-size-background=1048576"
    "memorysetup-job-temp-allocator-reduction-small-platforms=262144"
    "memorysetup-temp-allocator-size-background-worker=32768"
    "memorysetup-temp-allocator-size-job-worker=262144"
    "memorysetup-temp-allocator-size-preload-manager=33554432"
    "memorysetup-temp-allocator-size-nav-mesh-worker=65536"
    "memorysetup-temp-allocator-size-audio-worker=65536"
    "memorysetup-temp-allocator-size-cloud-worker=32768"
    "memorysetup-temp-allocator-size-gi-baking-worker=262144"
    "memorysetup-temp-allocator-size-gfx=262144"
Default GameObject Tag: GameController already registered
Refreshing native plugins compatible for Editor in 566.82 ms, found 4 plugins.
Preloading 0 native plugins for Editor in 0.00 ms.
Initialize engine version: 2022.1.16f1 (7321c9670bc2)
[Subsystems] Discovering subsystems at path C:/Program Files/Unity/Hub/Editor/2022.1.16f1/Editor/Data/Resources/UnitySubsystems
[Subsystems] Discovering subsystems at path C:/Users/megsg/OneDrive/Desktop/game/Assets
GfxDevice: creating device client; threaded=0; jobified=0
Direct3D:
    Version:  Direct3D 11.0 [level 11.1]
    Renderer: Intel(R) UHD Graphics (ID=0x8a56)
    Vendor:   Intel
    VRAM:     3939 MB
    Driver:   27.20.100.8681
Initialize mono
Mono path[0] = 'C:/Program Files/Unity/Hub/Editor/2022.1.16f1/Editor/Data/Managed'
Mono path[1] = 'C:/Program Files/Unity/Hub/Editor/2022.1.16f1/Editor/Data/MonoBleedingEdge/lib/mono/unityjit-win32'
Mono config path = 'C:/Program Files/Unity/Hub/Editor/2022.1.16f1/Editor/Data/MonoBleedingEdge/etc'
Using monoOptions --debugger-agent=transport=dt_socket,embedding=1,server=y,suspend=n,address=127.0.0.1:56760
Begin MonoManager ReloadAssembly
Registering precompiled unity dll's ...
Register platform support module: C:/Program Files/Unity/Hub/Editor/2022.1.16f1/Editor/Data/PlaybackEngines/WindowsStandaloneSupport/UnityEditor.WindowsStandalone.Extensions.dll
Registered in 0.017895 seconds.
Native extension for WindowsStandalone target not found
Refreshing native plugins compatible for Editor in 183.35 ms, found 4 plugins.
Preloading 0 native plugins for Editor in 0.00 ms.
Mono: successfully reloaded assembly
- Completed reload, in  1.805 seconds
Domain Reload Profiling:
	ReloadAssembly (1806ms)
		BeginReloadAssembly (267ms)
			ExecutionOrderSort (0ms)
			DisableScriptedObjects (0ms)
			BackupInstance (0ms)
			ReleaseScriptingObjects (0ms)
			CreateAndSetChildDomain (1ms)
		EndReloadAssembly (1210ms)
			LoadAssemblies (263ms)
			RebuildTransferFunctionScriptingTraits (0ms)
			SetupTypeCache (305ms)
				TypeCache.Initialize (302ms)
					TypeCache.ScanAssembly (299ms)
				ResolveRequiredComponents (3ms)
			ReleaseScriptCaches (0ms)
			RebuildScriptCaches (61ms)
			SetupLoadedEditorAssemblies (689ms)
				LogAssemblyErrors (0ms)
				InitializePlatformSupportModulesInManaged (21ms)
				SetLoadedEditorAssemblies (24ms)
				RefreshPlugins (183ms)
				BeforeProcessingInitializeOnLoad (4ms)
				ProcessInitializeOnLoadAttributes (353ms)
				ProcessInitializeOnLoadMethodAttributes (104ms)
				AfterProcessingInitializeOnLoad (0ms)
				EditorAssembliesLoaded (0ms)
			ExecutionOrderSort2 (0ms)
			AwakeInstancesAfterBackupRestoration (0ms)
Platform modules already initialized, skipping
Registering precompiled user dll's ...
Registered in 0.094412 seconds.
Begin MonoManager ReloadAssembly
Symbol file LoadedFromMemory doesn't match image C:\Users\megsg\OneDrive\Desktop\game\Library\PackageCache\com.unity.visualscripting@1.7.8\Editor\VisualScripting.Core\Dependencies\YamlDotNet\Unity.VisualScripting.YamlDotNet.dll
Symbol file LoadedFromMemory doesn't match image C:\Users\megsg\OneDrive\Desktop\game\Library\PackageCache\com.unity.visualscripting@1.7.8\Editor\VisualScripting.Core\Dependencies\DotNetZip\Unity.VisualScripting.IonicZip.dll
Native extension for WindowsStandalone target not found
Refreshing native plugins compatible for Editor in 386.39 ms, found 4 plugins.
Preloading 0 native plugins for Editor in 0.00 ms.
Mono: successfully reloaded assembly
- Completed reload, in  5.831 seconds
Domain Reload Profiling:
	ReloadAssembly (5835ms)
		BeginReloadAssembly (661ms)
			ExecutionOrderSort (0ms)
			DisableScriptedObjects (14ms)
			BackupInstance (0ms)
			ReleaseScriptingObjects (1ms)
			CreateAndSetChildDomain (54ms)
		EndReloadAssembly (4777ms)
			LoadAssemblies (887ms)
			RebuildTransferFunctionScriptingTraits (0ms)
			SetupTypeCache (1285ms)
				TypeCache.Initialize (1271ms)
					TypeCache.ScanAssembly (1260ms)
				ResolveRequiredComponents (13ms)
			ReleaseScriptCaches (3ms)
			RebuildScriptCaches (255ms)
			SetupLoadedEditorAssemblies (2349ms)
				LogAssemblyErrors (0ms)
				InitializePlatformSupportModulesInManaged (28ms)
				SetLoadedEditorAssemblies (28ms)
				RefreshPlugins (387ms)
				BeforeProcessingInitializeOnLoad (347ms)
				ProcessInitializeOnLoadAttributes (1186ms)
				ProcessInitializeOnLoadMethodAttributes (331ms)
				AfterProcessingInitializeOnLoad (38ms)
				EditorAssembliesLoaded (4ms)
			ExecutionOrderSort2 (0ms)
			AwakeInstancesAfterBackupRestoration (28ms)
Platform modules already initialized, skipping
========================================================================
Worker process is ready to serve import requests
Default GameObject Tag: GameController already registered
Launched and connected shader compiler UnityShaderCompiler.exe after 0.16 seconds
Refreshing native plugins compatible for Editor in 2.16 ms, found 4 plugins.
Preloading 0 native plugins for Editor in 0.00 ms.
Unloading 4125 Unused Serialized files (Serialized files now loaded: 0)
Unloading 39 unused Assets / (58.5 KB). Loaded Objects now: 4582.
Memory consumption went from 0.63 GB to 0.63 GB.
Total: 27.740800 ms (FindLiveObjects: 1.373400 ms CreateObjectMapping: 2.196300 ms MarkObjects: 23.820000 ms  DeleteObjects: 0.347600 ms)

AssetImportParameters requested are different than current active one (requested -> active):
  custom:video-decoder-ogg-theora: a1e56fd34408186e4bbccfd4996cb3dc -> 
  custom:container-muxer-webm: aa71ff27fc2769a1b78a27578f13a17b -> 
  custom:container-demuxer-webm: 4f35f7cbe854078d1ac9338744f61a02 -> 
  custom:video-encoder-webm-vp8: eb34c28f22e8b96e1ab97ce403110664 -> 
  custom:audio-encoder-webm-vorbis: bf7c407c2cedff20999df2af8eb42d56 -> 
  custom:framework-win-MediaFoundation: 216162199b28c13a410421893ffa2e32 -> 
  custom:container-demuxer-ogg: 62fdf1f143b41e24485cea50d1cbac27 -> 
  custom:video-decoder-webm-vp8: 9c59270c3fd7afecdb556c50c9e8de78 -> 
  custom:audio-decoder-ogg-vorbis: bf7c407c2cedff20999df2af8eb42d56 -> 
========================================================================
Received Import Request.
  Time since last request: 2517084.593447 seconds.
  path: Assets/New Project (1).png
  artifactKey: Guid(484c70256489ef2489de58768810faba) Importer(815301076,1909f56bfc062723c751e8b465ee728b)
Start importing Assets/New Project (1).png using Guid(484c70256489ef2489de58768810faba) Importer(815301076,1909f56bfc062723c751e8b465ee728b)  -> (artifact id: '772636dad2933894d1bd718014997c3d') in 0.540846 seconds 
========================================================================
Received Import Request.
  Time since last request: 0.000061 seconds.
  path: Assets/New Project (2).png
  artifactKey: Guid(a216a53fb1caa034bb289b69346410f3) Importer(815301076,1909f56bfc062723c751e8b465ee728b)
Start importing Assets/New Project (2).png using Guid(a216a53fb1caa034bb289b69346410f3) Importer(815301076,1909f56bfc062723c751e8b465ee728b)  -> (artifact id: '8d49967628d3210c8ac86834a54914d2') in 0.191362 seconds 
========================================================================
Received Import Request.
  Time since last request: 28.152385 seconds.
  path: Assets/Scenes
  artifactKey: Guid(131a6b21c8605f84396be9f6751fb6e3) Importer(815301076,1909f56bfc062723c751e8b465ee728b)
Start importing Assets/Scenes using Guid(131a6b21c8605f84396be9f6751fb6e3) Importer(815301076,1909f56bfc062723c751e8b465ee728b)  -> (artifact id: '5477611327baabc1ff5177e3bb0f9d6d') in 0.015625 seconds 
========================================================================
Received Import Request.
  Time since last request: 0.682821 seconds.
  path: Assets/Scenes/Level 1.unity
  artifactKey: Guid(2cda990e2423bbf4892e6590ba056729) Importer(815301076,1909f56bfc062723c751e8b465ee728b)
Start importing Assets/Scenes/Level 1.unity using Guid(2cda990e2423bbf4892e6590ba056729) Importer(815301076,1909f56bfc062723c751e8b465ee728b)  -> (artifact id: '24647ea9fbf94e4f353eb817721f1e2f') in 0.018703 seconds 
========================================================================
Received Import Request.
  Time since last request: 1.854037 seconds.
  path: Assets/Scenes/Start menu.unity
  artifactKey: Guid(90c40375fb99e164dbf6827a586f7890) Importer(815301076,1909f56bfc062723c751e8b465ee728b)
Start importing Assets/Scenes/Start menu.unity using Guid(90c40375fb99e164dbf6827a586f7890) Importer(815301076,1909f56bfc062723c751e8b465ee728b)  -> (artifact id: '9225b2df0bcc2c9c3b811beba9fc48ad') in 0.020234 seconds 
========================================================================
Received Import Request.
  Time since last request: 179.178665 seconds.
  path: Assets/Bandits - Pixel Art/Animations/Light Bandit/LightBandit_AnimController.controller
  artifactKey: Guid(b95265f99b6d90e438df1308a89c8bab) Importer(815301076,1909f56bfc062723c751e8b465ee728b)
Start importing Assets/Bandits - Pixel Art/Animations/Light Bandit/LightBandit_AnimController.controller using Guid(b95265f99b6d90e438df1308a89c8bab) Importer(815301076,1909f56bfc062723c751e8b465ee728b)  -> (artifact id: 'e134224725a802799cb08cc139bd459f') in 0.024643 seconds 
========================================================================
Received Prepare
Default GameObject Tag: GameController already registered
Registering precompiled user dll's ...
Registered in 0.011267 seconds.
Begin MonoManager ReloadAssembly
Symbol file LoadedFromMemory doesn't match image C:\Users\megsg\OneDrive\Desktop\game\Library\PackageCache\com.unity.visualscripting@1.7.8\Editor\VisualScripting.Core\Dependencies\YamlDotNet\Unity.VisualScripting.YamlDotNet.dll
Symbol file LoadedFromMemory doesn't match image C:\Users\megsg\OneDrive\Desktop\game\Library\PackageCache\com.unity.visualscripting@1.7.8\Editor\VisualScripting.Core\Dependencies\DotNetZip\Unity.VisualScripting.IonicZip.dll
Native extension for WindowsStandalone target not found
Refreshing native plugins compatible for Editor in 1.29 ms, found 4 plugins.
Preloading 0 native plugins for Editor in 0.00 ms.
Mono: successfully reloaded assembly
- Completed reload, in  2.454 seconds
Domain Reload Profiling:
	ReloadAssembly (2456ms)
		BeginReloadAssembly (290ms)
			ExecutionOrderSort (0ms)
			DisableScriptedObjects (16ms)
			BackupInstance (0ms)
			ReleaseScriptingObjects (0ms)
			CreateAndSetChildDomain (85ms)
		EndReloadAssembly (1938ms)
			LoadAssemblies (205ms)
			RebuildTransferFunctionScriptingTraits (0ms)
			SetupTypeCache (655ms)
				TypeCache.Initialize (646ms)
					TypeCache.ScanAssembly (634ms)
				ResolveRequiredComponents (9ms)
			ReleaseScriptCaches (2ms)
			RebuildScriptCaches (109ms)
			SetupLoadedEditorAssemblies (833ms)
				LogAssemblyErrors (0ms)
				InitializePlatformSupportModulesInManaged (30ms)
				SetLoadedEditorAssemblies (14ms)
				RefreshPlugins (1ms)
				BeforeProcessingInitializeOnLoad (164ms)
				ProcessInitializeOnLoadAttributes (519ms)
				ProcessInitializeOnLoadMethodAttributes (86ms)
				AfterProcessingInitializeOnLoad (18ms)
				EditorAssembliesLoaded (0ms)
			ExecutionOrderSort2 (0ms)
			AwakeInstancesAfterBackupRestoration (21ms)
Platform modules already initialized, skipping
Refreshing native plugins compatible for Editor in 5.12 ms, found 4 plugins.
Preloading 0 native plugins for Editor in 0.00 ms.
Unloading 4101 Unused Serialized files (Serialized files now loaded: 0)
Unloading 26 unused Assets / (25.4 KB). Loaded Objects now: 4592.
Memory consumption went from 0.63 GB to 0.63 GB.
Total: 6.612200 ms (FindLiveObjects: 0.562200 ms CreateObjectMapping: 0.496200 ms MarkObjects: 5.448400 ms  DeleteObjects: 0.102300 ms)

AssetImportParameters requested are different than current active one (requested -> active):
  custom:video-decoder-ogg-theora: a1e56fd34408186e4bbccfd4996cb3dc -> 
  custom:container-muxer-webm: aa71ff27fc2769a1b78a27578f13a17b -> 
  custom:container-demuxer-webm: 4f35f7cbe854078d1ac9338744f61a02 -> 
  custom:video-encoder-webm-vp8: eb34c28f22e8b96e1ab97ce403110664 -> 
  custom:audio-encoder-webm-vorbis: bf7c407c2cedff20999df2af8eb42d56 -> 
  custom:framework-win-MediaFoundation: 216162199b28c13a410421893ffa2e32 -> 
  custom:container-demuxer-ogg: 62fdf1f143b41e24485cea50d1cbac27 -> 
  custom:video-decoder-webm-vp8: 9c59270c3fd7afecdb556c50c9e8de78 -> 
  custom:audio-decoder-ogg-vorbis: bf7c407c2cedff20999df2af8eb42d56 -> 
========================================================================
Received Import Request.
  Time since last request: 169.973521 seconds.
  path: Assets/Scenes/Start menu.unity
  artifactKey: Guid(90c40375fb99e164dbf6827a586f7890) Importer(815301076,1909f56bfc062723c751e8b465ee728b)
Start importing Assets/Scenes/Start menu.unity using Guid(90c40375fb99e164dbf6827a586f7890) Importer(815301076,1909f56bfc062723c751e8b465ee728b)  -> (artifact id: 'e8b34204b806028067e92831fe743c49') in 0.018663 seconds 
========================================================================
Received Prepare
Default GameObject Tag: GameController already registered
Registering precompiled user dll's ...
Registered in 0.011109 seconds.
Begin MonoManager ReloadAssembly
Symbol file LoadedFromMemory doesn't match image C:\Users\megsg\OneDrive\Desktop\game\Library\PackageCache\com.unity.visualscripting@1.7.8\Editor\VisualScripting.Core\Dependencies\YamlDotNet\Unity.VisualScripting.YamlDotNet.dll
Symbol file LoadedFromMemory doesn't match image C:\Users\megsg\OneDrive\Desktop\game\Library\PackageCache\com.unity.visualscripting@1.7.8\Editor\VisualScripting.Core\Dependencies\DotNetZip\Unity.VisualScripting.IonicZip.dll
Native extension for WindowsStandalone target not found
Refreshing native plugins compatible for Editor in 1.78 ms, found 4 plugins.
Preloading 0 native plugins for Editor in 0.00 ms.
Mono: successfully reloaded assembly
- Completed reload, in  2.162 seconds
Domain Reload Profiling:
	ReloadAssembly (2164ms)
		BeginReloadAssembly (243ms)
			ExecutionOrderSort (0ms)
			DisableScriptedObjects (15ms)
			BackupInstance (0ms)
			ReleaseScriptingObjects (0ms)
			CreateAndSetChildDomain (54ms)
		EndReloadAssembly (1751ms)
			LoadAssemblies (179ms)
			RebuildTransferFunctionScriptingTraits (0ms)
			SetupTypeCache (527ms)
				TypeCache.Initialize (515ms)
					TypeCache.ScanAssembly (501ms)
				ResolveRequiredComponents (12ms)
			ReleaseScriptCaches (2ms)
			RebuildScriptCaches (111ms)
			SetupLoadedEditorAssemblies (819ms)
				LogAssemblyErrors (0ms)
				InitializePlatformSupportModulesInManaged (26ms)
				SetLoadedEditorAssemblies (13ms)
				RefreshPlugins (2ms)
				BeforeProcessingInitializeOnLoad (167ms)
				ProcessInitializeOnLoadAttributes (509ms)
				ProcessInitializeOnLoadMethodAttributes (83ms)
				AfterProcessingInitializeOnLoad (18ms)
				EditorAssembliesLoaded (0ms)
			ExecutionOrderSort2 (0ms)
			AwakeInstancesAfterBackupRestoration (18ms)
Platform modules already initialized, skipping
Refreshing native plugins compatible for Editor in 7.39 ms, found 4 plugins.
Preloading 0 native plugins for Editor in 0.00 ms.
Unloading 4101 Unused Serialized files (Serialized files now loaded: 0)
Unloading 26 unused Assets / (25.5 KB). Loaded Objects now: 4595.
Memory consumption went from 0.63 GB to 0.63 GB.
Total: 7.680500 ms (FindLiveObjects: 0.705700 ms CreateObjectMapping: 1.097500 ms MarkObjects: 5.768900 ms  DeleteObjects: 0.105800 ms)

AssetImportParameters requested are different than current active one (requested -> active):
  custom:video-decoder-ogg-theora: a1e56fd34408186e4bbccfd4996cb3dc -> 
  custom:container-muxer-webm: aa71ff27fc2769a1b78a27578f13a17b -> 
  custom:container-demuxer-webm: 4f35f7cbe854078d1ac9338744f61a02 -> 
  custom:video-encoder-webm-vp8: eb34c28f22e8b96e1ab97ce403110664 -> 
  custom:audio-encoder-webm-vorbis: bf7c407c2cedff20999df2af8eb42d56 -> 
  custom:framework-win-MediaFoundation: 216162199b28c13a410421893ffa2e32 -> 
  custom:container-demuxer-ogg: 62fdf1f143b41e24485cea50d1cbac27 -> 
  custom:video-decoder-webm-vp8: 9c59270c3fd7afecdb556c50c9e8de78 -> 
  custom:audio-decoder-ogg-vorbis: bf7c407c2cedff20999df2af8eb42d56 -> 
========================================================================
Received Import Request.
  Time since last request: 196.522714 seconds.
  path: Assets/Free 1 Bit Forest/Free 1 Bit Forest/PNG
  artifactKey: Guid(7e484dd697fcb3640a58b99131a4dafb) Importer(815301076,1909f56bfc062723c751e8b465ee728b)
Start importing Assets/Free 1 Bit Forest/Free 1 Bit Forest/PNG using Guid(7e484dd697fcb3640a58b99131a4dafb) Importer(815301076,1909f56bfc062723c751e8b465ee728b)  -> (artifact id: '5dce2d3a8b5d52bed5b0793f60e7b00a') in 0.025150 seconds 
========================================================================
Received Import Request.
  Time since last request: 0.022713 seconds.
  path: Assets/Free 1 Bit Forest/Free 1 Bit Forest/PNG/Layer0.png
  artifactKey: Guid(e2e7c1efb6dd55a4fb5e9b95db15dba4) Importer(815301076,1909f56bfc062723c751e8b465ee728b)
Start importing Assets/Free 1 Bit Forest/Free 1 Bit Forest/PNG/Layer0.png using Guid(e2e7c1efb6dd55a4fb5e9b95db15dba4) Importer(815301076,1909f56bfc062723c751e8b465ee728b)  -> (artifact id: 'a3ec0cf3f5f42a8f8910a5ef27318f62') in 0.178959 seconds 
========================================================================
Received Import Request.
  Time since last request: 0.000037 seconds.
  path: Assets/Free 1 Bit Forest/Free 1 Bit Forest/PNG/Layer04.png
  artifactKey: Guid(47fc74c91368e524ea613a7a5cb15c54) Importer(815301076,1909f56bfc062723c751e8b465ee728b)
Start importing Assets/Free 1 Bit Forest/Free 1 Bit Forest/PNG/Layer04.png using Guid(47fc74c91368e524ea613a7a5cb15c54) Importer(815301076,1909f56bfc062723c751e8b465ee728b)  -> (artifact id: '61a5995ff86606bfbd067fbd553940a7') in 0.047609 seconds 
========================================================================
Received Import Request.
  Time since last request: 0.000053 seconds.
  path: Assets/Free 1 Bit Forest/Free 1 Bit Forest/PNG/Layer04C.png
  artifactKey: Guid(45a8d39830d8d7b4294cd8d90190f524) Importer(815301076,1909f56bfc062723c751e8b465ee728b)
Start importing Assets/Free 1 Bit Forest/Free 1 Bit Forest/PNG/Layer04C.png using Guid(45a8d39830d8d7b4294cd8d90190f524) Importer(815301076,1909f56bfc062723c751e8b465ee728b)  -> (artifact id: '41ee112ec2b3f8de1cc6c9b1f32c9a74') in 0.057587 seconds 
========================================================================
Received Import Request.
  Time since last request: 0.000080 seconds.
  path: Assets/Free 1 Bit Forest/Free 1 Bit Forest/PNG/Trees_and_etc.png
  artifactKey: Guid(f2d56a6b10165fd46ae8390c6d926047) Importer(815301076,1909f56bfc062723c751e8b465ee728b)
Start importing Assets/Free 1 Bit Forest/Free 1 Bit Forest/PNG/Trees_and_etc.png using Guid(f2d56a6b10165fd46ae8390c6d926047) Importer(815301076,1909f56bfc062723c751e8b465ee728b)  -> (artifact id: '9d8c4c996d63d46f3adad1468013586f') in 0.402509 seconds 
========================================================================
Received Import Request.
  Time since last request: 39.735816 seconds.
  path: Assets/Free 1 Bit Forest/Free 1 Bit Forest/PREVIEWS/1 Bit Forest example.png
  artifactKey: Guid(32c99f7024fba53448542ddd69a18cb4) Importer(815301076,1909f56bfc062723c751e8b465ee728b)
Start importing Assets/Free 1 Bit Forest/Free 1 Bit Forest/PREVIEWS/1 Bit Forest example.png using Guid(32c99f7024fba53448542ddd69a18cb4) Importer(815301076,1909f56bfc062723c751e8b465ee728b)  -> (artifact id: '244f8c6b33e29259e28299ae9b6c5522') in 0.060327 seconds 
========================================================================
Received Import Request.
  Time since last request: 0.650333 seconds.
  path: Assets/Free 1 Bit Forest/Free 1 Bit Forest/PSD/1 Bit Forest.psd
  artifactKey: Guid(4813de2d5fb8ede409c2d3bce8f482e2) Importer(815301076,1909f56bfc062723c751e8b465ee728b)
Start importing Assets/Free 1 Bit Forest/Free 1 Bit Forest/PSD/1 Bit Forest.psd using Guid(4813de2d5fb8ede409c2d3bce8f482e2) Importer(815301076,1909f56bfc062723c751e8b465ee728b)  -> (artifact id: '87b37ffd2f1634f536997976b8fd73fd') in 0.209584 seconds 
========================================================================
Received Import Request.
  Time since last request: 1.976197 seconds.
  path: Assets/Free 1 Bit Forest/Free 1 Bit Forest/You may also like/Pixel Art Forest.png
  artifactKey: Guid(35bd6a799db84fb42a81c9362dc896a6) Importer(815301076,1909f56bfc062723c751e8b465ee728b)
Start importing Assets/Free 1 Bit Forest/Free 1 Bit Forest/You may also like/Pixel Art Forest.png using Guid(35bd6a799db84fb42a81c9362dc896a6) Importer(815301076,1909f56bfc062723c751e8b465ee728b)  -> (artifact id: '2171b058e8035174a4e5c0b850ffc494') in 0.117371 seconds 
========================================================================
Received Import Request.
  Time since last request: 0.000053 seconds.
  path: Assets/Free 1 Bit Forest/Free 1 Bit Forest/You may also like/Pixel Art Runner.png
  artifactKey: Guid(6699fcb40a3870b4a8912da8445bc331) Importer(815301076,1909f56bfc062723c751e8b465ee728b)
Start importing Assets/Free 1 Bit Forest/Free 1 Bit Forest/You may also like/Pixel Art Runner.png using Guid(6699fcb40a3870b4a8912da8445bc331) Importer(815301076,1909f56bfc062723c751e8b465ee728b)  -> (artifact id: '89d94bbaa83e60969bd84e5656f5f7bb') in 0.120022 seconds 
========================================================================
Received Import Request.
  Time since last request: 20.539237 seconds.
  path: Assets/Free 1 Bit Forest/Free 1 Bit Forest/PNG/Tileset.png
  artifactKey: Guid(20fc8adce30c3b44cbcd1442f0a77793) Importer(815301076,1909f56bfc062723c751e8b465ee728b)
Start importing Assets/Free 1 Bit Forest/Free 1 Bit Forest/PNG/Tileset.png using Guid(20fc8adce30c3b44cbcd1442f0a77793) Importer(815301076,1909f56bfc062723c751e8b465ee728b)  -> (artifact id: '3e282447ae822891a8bd2e86452cf08c') in 0.013263 seconds 
========================================================================
Received Import Request.
  Time since last request: 3.858975 seconds.
  path: Assets/Free 1 Bit Forest/Free 1 Bit Forest/PNG/Tileset.png
  artifactKey: Guid(20fc8adce30c3b44cbcd1442f0a77793) Importer(815301076,1909f56bfc062723c751e8b465ee728b)
Start importing Assets/Free 1 Bit Forest/Free 1 Bit Forest/PNG/Tileset.png using Guid(20fc8adce30c3b44cbcd1442f0a77793) Importer(815301076,1909f56bfc062723c751e8b465ee728b)  -> (artifact id: 'b1e5597d7d6eaace7628b4c816d5767d') in 0.013045 seconds 
========================================================================
Received Import Request.
  Time since last request: 433.478682 seconds.
  path: Assets/Bringer Of Death/Sprite Sheet
  artifactKey: Guid(19a87452f5a57214c96be3c04ed3be81) Importer(815301076,1909f56bfc062723c751e8b465ee728b)
Start importing Assets/Bringer Of Death/Sprite Sheet using Guid(19a87452f5a57214c96be3c04ed3be81) Importer(815301076,1909f56bfc062723c751e8b465ee728b)  -> (artifact id: '70d4f2a0522115ed130ae81ba59637a4') in 0.020153 seconds 
========================================================================
Received Import Request.
  Time since last request: 0.044683 seconds.
  path: Assets/Bringer Of Death/Sprite Sheet/Bringer-of-Death-SpritSheet.png
  artifactKey: Guid(1914d95466e3d4341a618c35a56d5f82) Importer(815301076,1909f56bfc062723c751e8b465ee728b)
Start importing Assets/Bringer Of Death/Sprite Sheet/Bringer-of-Death-SpritSheet.png using Guid(1914d95466e3d4341a618c35a56d5f82) Importer(815301076,1909f56bfc062723c751e8b465ee728b)  -> (artifact id: '0a4814c3164eb271031e536bb6c2e292') in 0.673923 seconds 
========================================================================
Received Prepare
Default GameObject Tag: GameController already registered
Registering precompiled user dll's ...
Registered in 0.013116 seconds.
Begin MonoManager ReloadAssembly
Symbol file LoadedFromMemory doesn't match image C:\Users\megsg\OneDrive\Desktop\game\Library\PackageCache\com.unity.visualscripting@1.7.8\Editor\VisualScripting.Core\Dependencies\YamlDotNet\Unity.VisualScripting.YamlDotNet.dll
Symbol file LoadedFromMemory doesn't match image C:\Users\megsg\OneDrive\Desktop\game\Library\PackageCache\com.unity.visualscripting@1.7.8\Editor\VisualScripting.Core\Dependencies\DotNetZip\Unity.VisualScripting.IonicZip.dll
Native extension for WindowsStandalone target not found
Refreshing native plugins compatible for Editor in 2.00 ms, found 4 plugins.
Preloading 0 native plugins for Editor in 0.00 ms.
Mono: successfully reloaded assembly
- Completed reload, in  2.748 seconds
Domain Reload Profiling:
	ReloadAssembly (2750ms)
		BeginReloadAssembly (453ms)
			ExecutionOrderSort (0ms)
			DisableScriptedObjects (32ms)
			BackupInstance (0ms)
			ReleaseScriptingObjects (0ms)
			CreateAndSetChildDomain (186ms)
		EndReloadAssembly (2048ms)
			LoadAssemblies (252ms)
			RebuildTransferFunctionScriptingTraits (0ms)
			SetupTypeCache (658ms)
				TypeCache.Initialize (648ms)
					TypeCache.ScanAssembly (632ms)
				ResolveRequiredComponents (10ms)
			ReleaseScriptCaches (4ms)
			RebuildScriptCaches (112ms)
			SetupLoadedEditorAssemblies (903ms)
				LogAssemblyErrors (0ms)
				InitializePlatformSupportModulesInManaged (32ms)
				SetLoadedEditorAssemblies (17ms)
				RefreshPlugins (2ms)
				BeforeProcessingInitializeOnLoad (188ms)
				ProcessInitializeOnLoadAttributes (549ms)
				ProcessInitializeOnLoadMethodAttributes (90ms)
				AfterProcessingInitializeOnLoad (23ms)
				EditorAssembliesLoaded (0ms)
			ExecutionOrderSort2 (0ms)
			AwakeInstancesAfterBackupRestoration (21ms)
Platform modules already initialized, skipping
Refreshing native plugins compatible for Editor in 6.20 ms, found 4 plugins.
Preloading 0 native plugins for Editor in 0.00 ms.
Unloading 4101 Unused Serialized files (Serialized files now loaded: 0)
Unloading 26 unused Assets / (25.5 KB). Loaded Objects now: 4610.
Memory consumption went from 0.63 GB to 0.63 GB.
Total: 7.750000 ms (FindLiveObjects: 0.490400 ms CreateObjectMapping: 0.517900 ms MarkObjects: 6.637900 ms  DeleteObjects: 0.100500 ms)

AssetImportParameters requested are different than current active one (requested -> active):
  custom:video-decoder-ogg-theora: a1e56fd34408186e4bbccfd4996cb3dc -> 
  custom:container-muxer-webm: aa71ff27fc2769a1b78a27578f13a17b -> 
  custom:container-demuxer-webm: 4f35f7cbe854078d1ac9338744f61a02 -> 
  custom:video-encoder-webm-vp8: eb34c28f22e8b96e1ab97ce403110664 -> 
  custom:audio-encoder-webm-vorbis: bf7c407c2cedff20999df2af8eb42d56 -> 
  custom:framework-win-MediaFoundation: 216162199b28c13a410421893ffa2e32 -> 
  custom:container-demuxer-ogg: 62fdf1f143b41e24485cea50d1cbac27 -> 
  custom:video-decoder-webm-vp8: 9c59270c3fd7afecdb556c50c9e8de78 -> 
  custom:audio-decoder-ogg-vorbis: bf7c407c2cedff20999df2af8eb42d56 -> 
========================================================================
Received Import Request.
  Time since last request: 209.878316 seconds.
  path: ProjectSettings/TagManager.asset
  artifactKey: Guid(00000000000000003000000000000000) Importer(815301076,1909f56bfc062723c751e8b465ee728b)
Start importing ProjectSettings/TagManager.asset using Guid(00000000000000003000000000000000) Importer(815301076,1909f56bfc062723c751e8b465ee728b) Default GameObject Tag: GameController already registered
 -> (artifact id: 'a72815c2f7fd6b2bb380f8ad52968807') in 0.054094 seconds 
========================================================================
Received Import Request.
  Time since last request: 13.209901 seconds.
  path: Assets/scripts/no friction.physicsMaterial2D
  artifactKey: Guid(4a7d24ae097e3e04c9335a97493edd7f) Importer(815301076,1909f56bfc062723c751e8b465ee728b)
Start importing Assets/scripts/no friction.physicsMaterial2D using Guid(4a7d24ae097e3e04c9335a97493edd7f) Importer(815301076,1909f56bfc062723c751e8b465ee728b)  -> (artifact id: '3dc8af9981c864b2b85e9fdcf9c1b319') in 0.028669 seconds 
========================================================================
Received Prepare
Default GameObject Tag: GameController already registered
Registering precompiled user dll's ...
Registered in 0.010160 seconds.
Begin MonoManager ReloadAssembly
Symbol file LoadedFromMemory doesn't match image C:\Users\megsg\OneDrive\Desktop\game\Library\PackageCache\com.unity.visualscripting@1.7.8\Editor\VisualScripting.Core\Dependencies\YamlDotNet\Unity.VisualScripting.YamlDotNet.dll
Symbol file LoadedFromMemory doesn't match image C:\Users\megsg\OneDrive\Desktop\game\Library\PackageCache\com.unity.visualscripting@1.7.8\Editor\VisualScripting.Core\Dependencies\DotNetZip\Unity.VisualScripting.IonicZip.dll
Native extension for WindowsStandalone target not found
Refreshing native plugins compatible for Editor in 0.83 ms, found 4 plugins.
Preloading 0 native plugins for Editor in 0.00 ms.
Mono: successfully reloaded assembly
- Completed reload, in  1.315 seconds
Domain Reload Profiling:
	ReloadAssembly (1316ms)
		BeginReloadAssembly (190ms)
			ExecutionOrderSort (0ms)
			DisableScriptedObjects (7ms)
			BackupInstance (0ms)
			ReleaseScriptingObjects (0ms)
			CreateAndSetChildDomain (50ms)
		EndReloadAssembly (994ms)
			LoadAssemblies (134ms)
			RebuildTransferFunctionScriptingTraits (0ms)
			SetupTypeCache (306ms)
				TypeCache.Initialize (298ms)
					TypeCache.ScanAssembly (290ms)
				ResolveRequiredComponents (8ms)
			ReleaseScriptCaches (2ms)
			RebuildScriptCaches (49ms)
			SetupLoadedEditorAssemblies (461ms)
				LogAssemblyErrors (0ms)
				InitializePlatformSupportModulesInManaged (15ms)
				SetLoadedEditorAssemblies (9ms)
				RefreshPlugins (1ms)
				BeforeProcessingInitializeOnLoad (101ms)
				ProcessInitializeOnLoadAttributes (273ms)
				ProcessInitializeOnLoadMethodAttributes (54ms)
				AfterProcessingInitializeOnLoad (7ms)
				EditorAssembliesLoaded (0ms)
			ExecutionOrderSort2 (0ms)
			AwakeInstancesAfterBackupRestoration (10ms)
Platform modules already initialized, skipping
Refreshing native plugins compatible for Editor in 2.92 ms, found 4 plugins.
Preloading 0 native plugins for Editor in 0.00 ms.
Unloading 4101 Unused Serialized files (Serialized files now loaded: 0)
Unloading 27 unused Assets / (25.4 KB). Loaded Objects now: 4613.
Memory consumption went from 0.63 GB to 0.63 GB.
Total: 3.341500 ms (FindLiveObjects: 0.328600 ms CreateObjectMapping: 0.308300 ms MarkObjects: 2.663900 ms  DeleteObjects: 0.039300 ms)

AssetImportParameters requested are different than current active one (requested -> active):
  custom:video-decoder-ogg-theora: a1e56fd34408186e4bbccfd4996cb3dc -> 
  custom:container-muxer-webm: aa71ff27fc2769a1b78a27578f13a17b -> 
  custom:container-demuxer-webm: 4f35f7cbe854078d1ac9338744f61a02 -> 
  custom:video-encoder-webm-vp8: eb34c28f22e8b96e1ab97ce403110664 -> 
  custom:audio-encoder-webm-vorbis: bf7c407c2cedff20999df2af8eb42d56 -> 
  custom:framework-win-MediaFoundation: 216162199b28c13a410421893ffa2e32 -> 
  custom:container-demuxer-ogg: 62fdf1f143b41e24485cea50d1cbac27 -> 
  custom:video-decoder-webm-vp8: 9c59270c3fd7afecdb556c50c9e8de78 -> 
  custom:audio-decoder-ogg-vorbis: bf7c407c2cedff20999df2af8eb42d56 -> 
========================================================================
Received Import Request.
  Time since last request: 278.223854 seconds.
  path: Assets/TextMesh Pro/Fonts/LiberationSans.ttf
  artifactKey: Guid(e3265ab4bf004d28a9537516768c1c75) Importer(815301076,1909f56bfc062723c751e8b465ee728b)
Start importing Assets/TextMesh Pro/Fonts/LiberationSans.ttf using Guid(e3265ab4bf004d28a9537516768c1c75) Importer(815301076,1909f56bfc062723c751e8b465ee728b)  -> (artifact id: '220a83f5f4091bd6ecc3541cc8fe5abf') in 3.416318 seconds 
========================================================================
Received Import Request.
  Time since last request: 0.000055 seconds.
  path: Assets/TextMesh Pro/Resources/Fonts & Materials/LiberationSans SDF - Outline.mat
  artifactKey: Guid(79459efec17a4d00a321bdcc27bbc385) Importer(815301076,1909f56bfc062723c751e8b465ee728b)
Start importing Assets/TextMesh Pro/Resources/Fonts & Materials/LiberationSans SDF - Outline.mat using Guid(79459efec17a4d00a321bdcc27bbc385) Importer(815301076,1909f56bfc062723c751e8b465ee728b)  -> (artifact id: 'fb3381af93f5d590628c99597d4a2075') in 1.251143 seconds 
========================================================================
Received Import Request.
  Time since last request: 0.000060 seconds.
  path: Packages/com.unity.2d.psdimporter/Editor/Assets/root-green.mat
  artifactKey: Guid(bc6da4580f5514e458fe5def87e138be) Importer(815301076,1909f56bfc062723c751e8b465ee728b)
Start importing Packages/com.unity.2d.psdimporter/Editor/Assets/root-green.mat using Guid(bc6da4580f5514e458fe5def87e138be) Importer(815301076,1909f56bfc062723c751e8b465ee728b)  -> (artifact id: 'd689b7591afe2acb40f6a9237fd65e9d') in 1.279601 seconds 
========================================================================
Received Import Request.
  Time since last request: 0.000078 seconds.
  path: Packages/com.unity.2d.psdimporter/Editor/Assets/root-red.mat
  artifactKey: Guid(4459fff084dd84526ab8fd5082d2eacb) Importer(815301076,1909f56bfc062723c751e8b465ee728b)
Start importing Packages/com.unity.2d.psdimporter/Editor/Assets/root-red.mat using Guid(4459fff084dd84526ab8fd5082d2eacb) Importer(815301076,1909f56bfc062723c751e8b465ee728b)  -> (artifact id: 'dff5e7b05b5a8624c8164517511373ef') in 0.058317 seconds 
========================================================================
Received Import Request.
  Time since last request: 8.060615 seconds.
  path: Assets/Scenes/New Scene.unity
  artifactKey: Guid(4c3a2a78623c6174b812a9b0a7695210) Importer(815301076,1909f56bfc062723c751e8b465ee728b)
Start importing Assets/Scenes/New Scene.unity using Guid(4c3a2a78623c6174b812a9b0a7695210) Importer(815301076,1909f56bfc062723c751e8b465ee728b)  -> (artifact id: '42b8efc01c9871197ef72ef432ab1aa6') in 0.015799 seconds 
========================================================================
Received Import Request.
  Time since last request: 5.824066 seconds.
  path: Assets/Scenes/Health.unity
  artifactKey: Guid(4c3a2a78623c6174b812a9b0a7695210) Importer(815301076,1909f56bfc062723c751e8b465ee728b)
Start importing Assets/Scenes/Health.unity using Guid(4c3a2a78623c6174b812a9b0a7695210) Importer(815301076,1909f56bfc062723c751e8b465ee728b)  -> (artifact id: 'b118fb243baad5f8e4344f9bbb3aacb0') in 0.016215 seconds 
========================================================================
Received Import Request.
  Time since last request: 200.640941 seconds.
  path: Assets/Scenes/Health-Bar-master
  artifactKey: Guid(f54a5d48fdedc2440bbf8bf3480463b3) Importer(815301076,1909f56bfc062723c751e8b465ee728b)
Start importing Assets/Scenes/Health-Bar-master using Guid(f54a5d48fdedc2440bbf8bf3480463b3) Importer(815301076,1909f56bfc062723c751e8b465ee728b)  -> (artifact id: 'af387f4ca65f9052953d4d48374efa4e') in 0.019704 seconds 
========================================================================
Received Import Request.
  Time since last request: 2.706519 seconds.
  path: Assets/Scenes/Health-Bar-master/Health Bar
  artifactKey: Guid(33ec3ee695c549748bbc33db846b2285) Importer(815301076,1909f56bfc062723c751e8b465ee728b)
Start importing Assets/Scenes/Health-Bar-master/Health Bar using Guid(33ec3ee695c549748bbc33db846b2285) Importer(815301076,1909f56bfc062723c751e8b465ee728b)  -> (artifact id: '545427984c9245ba259049862dc0c34b') in 0.017365 seconds 
========================================================================
Received Import Request.
  Time since last request: 40.436285 seconds.
  path: Assets/Scenes/Health-Bar-master/Health Bar/Assets
  artifactKey: Guid(96e0eb6fcb8f6d74e9b61e9bf948a3c7) Importer(815301076,1909f56bfc062723c751e8b465ee728b)
Start importing Assets/Scenes/Health-Bar-master/Health Bar/Assets using Guid(96e0eb6fcb8f6d74e9b61e9bf948a3c7) Importer(815301076,1909f56bfc062723c751e8b465ee728b)  -> (artifact id: 'acb65dac165f404c9c2d9a70a761344b') in 0.017835 seconds 
========================================================================
Received Import Request.
  Time since last request: 4.917080 seconds.
  path: Assets/Scenes/Health-Bar-master/Health Bar/Assets/Scripts
  artifactKey: Guid(02a3527b6b33a924e8ec66aa805ea717) Importer(815301076,1909f56bfc062723c751e8b465ee728b)
Start importing Assets/Scenes/Health-Bar-master/Health Bar/Assets/Scripts using Guid(02a3527b6b33a924e8ec66aa805ea717) Importer(815301076,1909f56bfc062723c751e8b465ee728b)  -> (artifact id: 'fb077f726f5934aeae8eb6d6f8c3a4c4') in 0.017737 seconds 
========================================================================
Received Import Request.
  Time since last request: 1.709836 seconds.
  path: Assets/Scenes/Health-Bar-master/Health Bar/Assets/Scripts/PlayerMovement.cs
  artifactKey: Guid(1aa4b9531af1b5c41b671e767453f5e8) Importer(815301076,1909f56bfc062723c751e8b465ee728b)
Start importing Assets/Scenes/Health-Bar-master/Health Bar/Assets/Scripts/PlayerMovement.cs using Guid(1aa4b9531af1b5c41b671e767453f5e8) Importer(815301076,1909f56bfc062723c751e8b465ee728b)  -> (artifact id: '180f76404019a2b4e20c612e2bf17117') in 0.074875 seconds 
========================================================================
Received Prepare
Registering precompiled user dll's ...
Registered in 0.013926 seconds.
Begin MonoManager ReloadAssembly
Symbol file LoadedFromMemory doesn't match image C:\Users\megsg\OneDrive\Desktop\game\Library\PackageCache\com.unity.visualscripting@1.7.8\Editor\VisualScripting.Core\Dependencies\YamlDotNet\Unity.VisualScripting.YamlDotNet.dll
Symbol file LoadedFromMemory doesn't match image C:\Users\megsg\OneDrive\Desktop\game\Library\PackageCache\com.unity.visualscripting@1.7.8\Editor\VisualScripting.Core\Dependencies\DotNetZip\Unity.VisualScripting.IonicZip.dll
Native extension for WindowsStandalone target not found
Refreshing native plugins compatible for Editor in 3.12 ms, found 4 plugins.
Preloading 0 native plugins for Editor in 0.00 ms.
Mono: successfully reloaded assembly
- Completed reload, in  3.303 seconds
Domain Reload Profiling:
	ReloadAssembly (3305ms)
		BeginReloadAssembly (779ms)
			ExecutionOrderSort (0ms)
			DisableScriptedObjects (68ms)
			BackupInstance (0ms)
			ReleaseScriptingObjects (0ms)
			CreateAndSetChildDomain (331ms)
		EndReloadAssembly (2255ms)
			LoadAssemblies (321ms)
			RebuildTransferFunctionScriptingTraits (0ms)
			SetupTypeCache (688ms)
				TypeCache.Initialize (678ms)
					TypeCache.ScanAssembly (665ms)
				ResolveRequiredComponents (10ms)
			ReleaseScriptCaches (3ms)
			RebuildScriptCaches (112ms)
			SetupLoadedEditorAssemblies (1046ms)
				LogAssemblyErrors (0ms)
				InitializePlatformSupportModulesInManaged (54ms)
				SetLoadedEditorAssemblies (33ms)
				RefreshPlugins (3ms)
				BeforeProcessingInitializeOnLoad (259ms)
				ProcessInitializeOnLoadAttributes (590ms)
				ProcessInitializeOnLoadMethodAttributes (87ms)
				AfterProcessingInitializeOnLoad (18ms)
				EditorAssembliesLoaded (1ms)
			ExecutionOrderSort2 (0ms)
			AwakeInstancesAfterBackupRestoration (20ms)
Platform modules already initialized, skipping
Refreshing native plugins compatible for Editor in 3.14 ms, found 4 plugins.
Preloading 0 native plugins for Editor in 0.00 ms.
Unloading 4108 Unused Serialized files (Serialized files now loaded: 0)
Unloading 26 unused Assets / (26.5 KB). Loaded Objects now: 4666.
Memory consumption went from 0.63 GB to 0.63 GB.
Total: 6.789800 ms (FindLiveObjects: 0.398900 ms CreateObjectMapping: 0.224800 ms MarkObjects: 6.113300 ms  DeleteObjects: 0.049900 ms)

AssetImportParameters requested are different than current active one (requested -> active):
  custom:video-decoder-ogg-theora: a1e56fd34408186e4bbccfd4996cb3dc -> 
  custom:container-muxer-webm: aa71ff27fc2769a1b78a27578f13a17b -> 
  custom:container-demuxer-webm: 4f35f7cbe854078d1ac9338744f61a02 -> 
  custom:video-encoder-webm-vp8: eb34c28f22e8b96e1ab97ce403110664 -> 
  custom:audio-encoder-webm-vorbis: bf7c407c2cedff20999df2af8eb42d56 -> 
  custom:framework-win-MediaFoundation: 216162199b28c13a410421893ffa2e32 -> 
  custom:container-demuxer-ogg: 62fdf1f143b41e24485cea50d1cbac27 -> 
  custom:video-decoder-webm-vp8: 9c59270c3fd7afecdb556c50c9e8de78 -> 
  custom:audio-decoder-ogg-vorbis: bf7c407c2cedff20999df2af8eb42d56 -> 
========================================================================
Received Prepare
Registering precompiled user dll's ...
Registered in 0.010384 seconds.
Begin MonoManager ReloadAssembly
Symbol file LoadedFromMemory doesn't match image C:\Users\megsg\OneDrive\Desktop\game\Library\PackageCache\com.unity.visualscripting@1.7.8\Editor\VisualScripting.Core\Dependencies\YamlDotNet\Unity.VisualScripting.YamlDotNet.dll
Symbol file LoadedFromMemory doesn't match image C:\Users\megsg\OneDrive\Desktop\game\Library\PackageCache\com.unity.visualscripting@1.7.8\Editor\VisualScripting.Core\Dependencies\DotNetZip\Unity.VisualScripting.IonicZip.dll
Native extension for WindowsStandalone target not found
Refreshing native plugins compatible for Editor in 1.03 ms, found 4 plugins.
Preloading 0 native plugins for Editor in 0.00 ms.
Mono: successfully reloaded assembly
- Completed reload, in  2.768 seconds
Domain Reload Profiling:
	ReloadAssembly (2769ms)
		BeginReloadAssembly (428ms)
			ExecutionOrderSort (0ms)
			DisableScriptedObjects (10ms)
			BackupInstance (0ms)
			ReleaseScriptingObjects (0ms)
			CreateAndSetChildDomain (151ms)
		EndReloadAssembly (2091ms)
			LoadAssemblies (238ms)
			RebuildTransferFunctionScriptingTraits (10ms)
			SetupTypeCache (823ms)
				TypeCache.Initialize (810ms)
					TypeCache.ScanAssembly (666ms)
				ResolveRequiredComponents (13ms)
			ReleaseScriptCaches (3ms)
			RebuildScriptCaches (102ms)
			SetupLoadedEditorAssemblies (818ms)
				LogAssemblyErrors (0ms)
				InitializePlatformSupportModulesInManaged (31ms)
				SetLoadedEditorAssemblies (18ms)
				RefreshPlugins (3ms)
				BeforeProcessingInitializeOnLoad (159ms)
				ProcessInitializeOnLoadAttributes (505ms)
				ProcessInitializeOnLoadMethodAttributes (85ms)
				AfterProcessingInitializeOnLoad (16ms)
				EditorAssembliesLoaded (0ms)
			ExecutionOrderSort2 (0ms)
			AwakeInstancesAfterBackupRestoration (21ms)
Platform modules already initialized, skipping
Refreshing native plugins compatible for Editor in 11.09 ms, found 4 plugins.
Preloading 0 native plugins for Editor in 0.00 ms.
Unloading 4109 Unused Serialized files (Serialized files now loaded: 0)
Unloading 26 unused Assets / (32.5 KB). Loaded Objects now: 4669.
Memory consumption went from 0.63 GB to 0.63 GB.
Total: 10.411600 ms (FindLiveObjects: 0.919000 ms CreateObjectMapping: 0.949200 ms MarkObjects: 8.482600 ms  DeleteObjects: 0.058100 ms)

AssetImportParameters requested are different than current active one (requested -> active):
  custom:video-decoder-ogg-theora: a1e56fd34408186e4bbccfd4996cb3dc -> 
  custom:container-muxer-webm: aa71ff27fc2769a1b78a27578f13a17b -> 
  custom:container-demuxer-webm: 4f35f7cbe854078d1ac9338744f61a02 -> 
  custom:video-encoder-webm-vp8: eb34c28f22e8b96e1ab97ce403110664 -> 
  custom:audio-encoder-webm-vorbis: bf7c407c2cedff20999df2af8eb42d56 -> 
  custom:framework-win-MediaFoundation: 216162199b28c13a410421893ffa2e32 -> 
  custom:container-demuxer-ogg: 62fdf1f143b41e24485cea50d1cbac27 -> 
  custom:video-decoder-webm-vp8: 9c59270c3fd7afecdb556c50c9e8de78 -> 
  custom:audio-decoder-ogg-vorbis: bf7c407c2cedff20999df2af8eb42d56 -> 
========================================================================
Received Import Request.
  Time since last request: 46.215643 seconds.
  path: Assets/Scenes/Health-Bar-master/Health Bar/Assets/Presets
  artifactKey: Guid(558255460b74ec04fa70b5570e9327bd) Importer(815301076,1909f56bfc062723c751e8b465ee728b)
Start importing Assets/Scenes/Health-Bar-master/Health Bar/Assets/Presets using Guid(558255460b74ec04fa70b5570e9327bd) Importer(815301076,1909f56bfc062723c751e8b465ee728b)  -> (artifact id: 'e0f326ef5f71a8740866db672479aee1') in 0.020782 seconds 
========================================================================
Received Import Request.
  Time since last request: 0.029709 seconds.
  path: Assets/Scenes/Health-Bar-master/Health Bar/Assets/Presets/AudioCompressedInMemory.preset
  artifactKey: Guid(2dd802e4d37c65149922028d3e973832) Importer(815301076,1909f56bfc062723c751e8b465ee728b)
Start importing Assets/Scenes/Health-Bar-master/Health Bar/Assets/Presets/AudioCompressedInMemory.preset using Guid(2dd802e4d37c65149922028d3e973832) Importer(815301076,1909f56bfc062723c751e8b465ee728b)  -> (artifact id: '9a728d3b41572edd3f9fb1b0c3f04759') in 0.043123 seconds 
========================================================================
Received Import Request.
  Time since last request: 0.000085 seconds.
  path: Assets/Scenes/Health-Bar-master/Health Bar/Assets/Presets/NormalTexture.preset
  artifactKey: Guid(14a57cf3b9fa1c74b884aa7e0dcf1faa) Importer(815301076,1909f56bfc062723c751e8b465ee728b)
Start importing Assets/Scenes/Health-Bar-master/Health Bar/Assets/Presets/NormalTexture.preset using Guid(14a57cf3b9fa1c74b884aa7e0dcf1faa) Importer(815301076,1909f56bfc062723c751e8b465ee728b)  -> (artifact id: 'ec292e6fd7140b7b17de21c4a999dd1d') in 0.024731 seconds 
========================================================================
Received Import Request.
  Time since last request: 1.720251 seconds.
  path: Assets/Scenes/Health-Bar-master/Health Bar/Assets/Materials/Ground.mat
  artifactKey: Guid(1ead09e3b1a8794408e85b486f830a90) Importer(815301076,1909f56bfc062723c751e8b465ee728b)
Start importing Assets/Scenes/Health-Bar-master/Health Bar/Assets/Materials/Ground.mat using Guid(1ead09e3b1a8794408e85b486f830a90) Importer(815301076,1909f56bfc062723c751e8b465ee728b)  -> (artifact id: 'e8c609dbb2d5bc1a7f99352594264ed8') in 1.097512 seconds 
========================================================================
Received Import Request.
  Time since last request: 0.000338 seconds.
  path: Assets/Scenes/Health-Bar-master/Health Bar/Assets/Materials/Skybox_Mat.mat
  artifactKey: Guid(0ffaa0b7117ba8c47a9d05ae701d4b4d) Importer(815301076,1909f56bfc062723c751e8b465ee728b)
Start importing Assets/Scenes/Health-Bar-master/Health Bar/Assets/Materials/Skybox_Mat.mat using Guid(0ffaa0b7117ba8c47a9d05ae701d4b4d) Importer(815301076,1909f56bfc062723c751e8b465ee728b)  -> (artifact id: 'fced9a0be025628ffa2ad085383d210c') in 1.493114 seconds 
========================================================================
Received Import Request.
  Time since last request: 0.896410 seconds.
  path: Assets/Scenes/Health-Bar-master/Health Bar/Assets/Settings/ForwardRenderer.asset
  artifactKey: Guid(4a8e21d5c33334b11b34a596161b9360) Importer(815301076,1909f56bfc062723c751e8b465ee728b)
Start importing Assets/Scenes/Health-Bar-master/Health Bar/Assets/Settings/ForwardRenderer.asset using Guid(4a8e21d5c33334b11b34a596161b9360) Importer(815301076,1909f56bfc062723c751e8b465ee728b)  -> (artifact id: 'ba94baf4b173e15f17f84274cc67fad5') in 0.018001 seconds 
========================================================================
Received Import Request.
  Time since last request: 0.000026 seconds.
  path: Assets/Scenes/Health-Bar-master/Health Bar/Assets/Settings/UniversalRP-LowQuality.asset
  artifactKey: Guid(a31e9f9f9c9d4b9429ed0d1234e22103) Importer(815301076,1909f56bfc062723c751e8b465ee728b)
Start importing Assets/Scenes/Health-Bar-master/Health Bar/Assets/Settings/UniversalRP-LowQuality.asset using Guid(a31e9f9f9c9d4b9429ed0d1234e22103) Importer(815301076,1909f56bfc062723c751e8b465ee728b)  -> (artifact id: '594dbdee3959bfc77e4a63fb8e6300d1') in 0.015289 seconds 
========================================================================
Received Import Request.
  Time since last request: 0.000097 seconds.
  path: Assets/Scenes/Health-Bar-master/Health Bar/Assets/Settings/UniversalRP-HighQuality.asset
  artifactKey: Guid(19ba41d7c0026c3459d37c2fe90c55a0) Importer(815301076,1909f56bfc062723c751e8b465ee728b)
Start importing Assets/Scenes/Health-Bar-master/Health Bar/Assets/Settings/UniversalRP-HighQuality.asset using Guid(19ba41d7c0026c3459d37c2fe90c55a0) Importer(815301076,1909f56bfc062723c751e8b465ee728b)  -> (artifact id: 'f2f5a2dae67c95a2f6bb9c94cd6ba453') in 0.016392 seconds 
========================================================================
Received Import Request.
  Time since last request: 0.558271 seconds.
  path: Assets/Scenes/Health-Bar-master/Health Bar/Assets/Sprites/Bar.png
  artifactKey: Guid(c8bbd02a88c2bbc41b7d7e50ec7b2aa7) Importer(815301076,1909f56bfc062723c751e8b465ee728b)
Start importing Assets/Scenes/Health-Bar-master/Health Bar/Assets/Sprites/Bar.png using Guid(c8bbd02a88c2bbc41b7d7e50ec7b2aa7) Importer(815301076,1909f56bfc062723c751e8b465ee728b)  -> (artifact id: 'f0165c7777a6953eecd907b074adb6d1') in 0.089280 seconds 
========================================================================
Received Import Request.
  Time since last request: 462.438857 seconds.
  path: Assets/Scenes/Health-Bar-master/Health Bar/Assets/HealthBar.cs
  artifactKey: Guid(c30753f69b290d64e98640158f268eac) Importer(815301076,1909f56bfc062723c751e8b465ee728b)
Start importing Assets/Scenes/Health-Bar-master/Health Bar/Assets/HealthBar.cs using Guid(c30753f69b290d64e98640158f268eac) Importer(815301076,1909f56bfc062723c751e8b465ee728b)  -> (artifact id: 'e62ed0c0cfd8e6dfc25afe639fd5b780') in 0.015028 seconds 
========================================================================
Received Import Request.
  Time since last request: 30.323533 seconds.
  path: Assets/Scenes/Health-Bar-master/Health Bar/Assets/ExampleAssets/Models/Workbench.fbx
  artifactKey: Guid(efe9381559c516743bd05cef82f39ebb) Importer(815301076,1909f56bfc062723c751e8b465ee728b)
Start importing Assets/Scenes/Health-Bar-master/Health Bar/Assets/ExampleAssets/Models/Workbench.fbx using Guid(efe9381559c516743bd05cef82f39ebb) Importer(815301076,1909f56bfc062723c751e8b465ee728b)  -> (artifact id: '7fa0f66278fabbb9a66a0fd5f8914fb4') in 4.882415 seconds 
========================================================================
Received Import Request.
  Time since last request: 4.423952 seconds.
  path: Assets/Scenes/Health-Bar-master/Health Bar/Assets/Sprites
  artifactKey: Guid(c77fecbfa8d9e47478fa41c600289ad8) Importer(815301076,1909f56bfc062723c751e8b465ee728b)
Start importing Assets/Scenes/Health-Bar-master/Health Bar/Assets/Sprites using Guid(c77fecbfa8d9e47478fa41c600289ad8) Importer(815301076,1909f56bfc062723c751e8b465ee728b)  -> (artifact id: 'd8738d6184a6fcc835d0906f63a74ee2') in 0.014674 seconds 
========================================================================
Received Import Request.
  Time since last request: 0.629344 seconds.
  path: Assets/Scenes/Health-Bar-master/Health Bar/Assets/Settings
  artifactKey: Guid(0735c275001a2c84dafdb30deced5d8d) Importer(815301076,1909f56bfc062723c751e8b465ee728b)
Start importing Assets/Scenes/Health-Bar-master/Health Bar/Assets/Settings using Guid(0735c275001a2c84dafdb30deced5d8d) Importer(815301076,1909f56bfc062723c751e8b465ee728b)  -> (artifact id: '37a70d5fabd440099b56eab6078a05c9') in 0.026483 seconds 
========================================================================
Received Import Request.
  Time since last request: 4.164593 seconds.
  path: Assets/Scenes/Health-Bar-master/Health Bar/Assets/Scripts/SimpleCameraController.cs
  artifactKey: Guid(be76e5f14cfee674cb30b491fb72b09b) Importer(815301076,1909f56bfc062723c751e8b465ee728b)
Start importing Assets/Scenes/Health-Bar-master/Health Bar/Assets/Scripts/SimpleCameraController.cs using Guid(be76e5f14cfee674cb30b491fb72b09b) Importer(815301076,1909f56bfc062723c751e8b465ee728b)  -> (artifact id: '8484bfadd35a33b53a0978211d608aea') in 0.010665 seconds 
========================================================================
Received Import Request.
  Time since last request: 7.546144 seconds.
  path: Assets/Scenes/Health-Bar-master/Health Bar/Assets/TutorialInfo/Readme.asset
  artifactKey: Guid(83c2ed844a8c74b779a4c823d16594b1) Importer(815301076,1909f56bfc062723c751e8b465ee728b)
Start importing Assets/Scenes/Health-Bar-master/Health Bar/Assets/TutorialInfo/Readme.asset using Guid(83c2ed844a8c74b779a4c823d16594b1) Importer(815301076,1909f56bfc062723c751e8b465ee728b)  -> (artifact id: '76c381a16dc59e245c2225bd73a8a4ff') in 0.017191 seconds 
========================================================================
Received Import Request.
  Time since last request: 9.999029 seconds.
  path: Assets/Scenes/Health-Bar-master/Health Bar/Packages
  artifactKey: Guid(77ef9015c4d75814eb7b74788648c7b0) Importer(815301076,1909f56bfc062723c751e8b465ee728b)
Start importing Assets/Scenes/Health-Bar-master/Health Bar/Packages using Guid(77ef9015c4d75814eb7b74788648c7b0) Importer(815301076,1909f56bfc062723c751e8b465ee728b)  -> (artifact id: '0539dea5611f396bebd77fccd77b0eb3') in 0.013802 seconds 
========================================================================
Received Import Request.
  Time since last request: 2.154007 seconds.
  path: Assets/Scenes/Health-Bar-master/Health Bar/ProjectSettings
  artifactKey: Guid(5ad63c9ad679dcb4eb482e72ef12080e) Importer(815301076,1909f56bfc062723c751e8b465ee728b)
Start importing Assets/Scenes/Health-Bar-master/Health Bar/ProjectSettings using Guid(5ad63c9ad679dcb4eb482e72ef12080e) Importer(815301076,1909f56bfc062723c751e8b465ee728b)  -> (artifact id: 'ee6cde34fd5b05dda19c41b9a0065e5e') in 0.020946 seconds 
========================================================================
Received Import Request.
  Time since last request: 0.037637 seconds.
  path: Assets/Scenes/Health-Bar-master/Health Bar/ProjectSettings/AudioManager.asset
  artifactKey: Guid(67f1ed86cd0594041938b955ccc6bfb7) Importer(815301076,1909f56bfc062723c751e8b465ee728b)
Start importing Assets/Scenes/Health-Bar-master/Health Bar/ProjectSettings/AudioManager.asset using Guid(67f1ed86cd0594041938b955ccc6bfb7) Importer(815301076,1909f56bfc062723c751e8b465ee728b)  -> (artifact id: '02cb8889567242d510dfac8f109dd159') in 0.015167 seconds 
========================================================================
Received Import Request.
  Time since last request: 0.000040 seconds.
  path: Assets/Scenes/Health-Bar-master/Health Bar/ProjectSettings/NavMeshAreas.asset
  artifactKey: Guid(b2c0f4ce4eea06c43bd846928414bf53) Importer(815301076,1909f56bfc062723c751e8b465ee728b)
Start importing Assets/Scenes/Health-Bar-master/Health Bar/ProjectSettings/NavMeshAreas.asset using Guid(b2c0f4ce4eea06c43bd846928414bf53) Importer(815301076,1909f56bfc062723c751e8b465ee728b)  -> (artifact id: '85f2e656e8eca973df15331e2592fbbe') in 0.020497 seconds 
========================================================================
Received Import Request.
  Time since last request: 0.000053 seconds.
  path: Assets/Scenes/Health-Bar-master/Health Bar/ProjectSettings/TagManager.asset
  artifactKey: Guid(b642dddcacf47614196eb7924187d5c2) Importer(815301076,1909f56bfc062723c751e8b465ee728b)
Start importing Assets/Scenes/Health-Bar-master/Health Bar/ProjectSettings/TagManager.asset using Guid(b642dddcacf47614196eb7924187d5c2) Importer(815301076,1909f56bfc062723c751e8b465ee728b)  -> (artifact id: '12bada9abb0f7b404b1cd18e5d39b837') in 0.018567 seconds 
========================================================================
Received Import Request.
  Time since last request: 0.000096 seconds.
  path: Assets/Scenes/Health-Bar-master/Health Bar/ProjectSettings/Physics2DSettings.asset
  artifactKey: Guid(a8d7a91be7865224892c58edc07e21e6) Importer(815301076,1909f56bfc062723c751e8b465ee728b)
Start importing Assets/Scenes/Health-Bar-master/Health Bar/ProjectSettings/Physics2DSettings.asset using Guid(a8d7a91be7865224892c58edc07e21e6) Importer(815301076,1909f56bfc062723c751e8b465ee728b)  -> (artifact id: '1a664d1f4a86364f92240e6ae2224740') in 0.017470 seconds 
========================================================================
Received Import Request.
  Time since last request: 0.000072 seconds.
  path: Assets/Scenes/Health-Bar-master/Health Bar/ProjectSettings/ProjectSettings.asset
  artifactKey: Guid(3668c2ae202fb294e8b992a46b32344b) Importer(815301076,1909f56bfc062723c751e8b465ee728b)
Start importing Assets/Scenes/Health-Bar-master/Health Bar/ProjectSettings/ProjectSettings.asset using Guid(3668c2ae202fb294e8b992a46b32344b) Importer(815301076,1909f56bfc062723c751e8b465ee728b)  -> (artifact id: '4e1eb8b43d6a4b0fe819777fe249a13b') in 0.007208 seconds 
========================================================================
Received Import Request.
  Time since last request: 0.000036 seconds.
  path: Assets/Scenes/Health-Bar-master/Health Bar/ProjectSettings/VFXManager.asset
  artifactKey: Guid(b60d4c32a5b8c524988f57c69446896e) Importer(815301076,1909f56bfc062723c751e8b465ee728b)
Start importing Assets/Scenes/Health-Bar-master/Health Bar/ProjectSettings/VFXManager.asset using Guid(b60d4c32a5b8c524988f57c69446896e) Importer(815301076,1909f56bfc062723c751e8b465ee728b)  -> (artifact id: '9ce42d728cacc49819a50265f96c99e7') in 0.022537 seconds 
========================================================================
Received Import Request.
  Time since last request: 0.000034 seconds.
  path: Assets/Scenes/Health-Bar-master/Health Bar/ProjectSettings/TimeManager.asset
  artifactKey: Guid(f4742923d0a2f8a4d9012bd39e523ddc) Importer(815301076,1909f56bfc062723c751e8b465ee728b)
Start importing Assets/Scenes/Health-Bar-master/Health Bar/ProjectSettings/TimeManager.asset using Guid(f4742923d0a2f8a4d9012bd39e523ddc) Importer(815301076,1909f56bfc062723c751e8b465ee728b)  -> (artifact id: 'f221023a20cc65a8de32a451ba5ea40d') in 0.019902 seconds 
========================================================================
Received Import Request.
  Time since last request: 0.000042 seconds.
  path: Assets/Scenes/Health-Bar-master/Health Bar/ProjectSettings/PresetManager.asset
  artifactKey: Guid(98a1a4492b35f38488c6e3a1a37e7db3) Importer(815301076,1909f56bfc062723c751e8b465ee728b)
Start importing Assets/Scenes/Health-Bar-master/Health Bar/ProjectSettings/PresetManager.asset using Guid(98a1a4492b35f38488c6e3a1a37e7db3) Importer(815301076,1909f56bfc062723c751e8b465ee728b)  -> (artifact id: '3843b7fce1d41447aa5a618be36a6526') in 0.019820 seconds 
========================================================================
Received Import Request.
  Time since last request: 0.000044 seconds.
  path: Assets/Scenes/Health-Bar-master/Health Bar/ProjectSettings/DynamicsManager.asset
  artifactKey: Guid(f3febe1cce4dbf644a903ee8d2659a9d) Importer(815301076,1909f56bfc062723c751e8b465ee728b)
Start importing Assets/Scenes/Health-Bar-master/Health Bar/ProjectSettings/DynamicsManager.asset using Guid(f3febe1cce4dbf644a903ee8d2659a9d) Importer(815301076,1909f56bfc062723c751e8b465ee728b)  -> (artifact id: '37adb525cfd9b31b8740e7d1ea2f4e48') in 0.022391 seconds 
========================================================================
Received Import Request.
  Time since last request: 47.137434 seconds.
  path: Assets/Healthbar.cs
  artifactKey: Guid(38a28e3884ed31942b91327cec0fd35f) Importer(815301076,1909f56bfc062723c751e8b465ee728b)
Start importing Assets/Healthbar.cs using Guid(38a28e3884ed31942b91327cec0fd35f) Importer(815301076,1909f56bfc062723c751e8b465ee728b)  -> (artifact id: 'd99c7cb7878d7aec75f8a1569dee6f89') in 0.013405 seconds 
